<?xml version="1.0" encoding="UTF-8"?>
<testsuite name="is.ru.stringcalculator.StringCalculatorTest" tests="6" skipped="0" failures="0" errors="0" timestamp="2017-10-13T15:09:12" hostname="clients-pool-1.nat.ru.is" time="0.007">
  <properties/>
  <testcase name="ExceptionWithNegativeNumbers" classname="is.ru.stringcalculator.StringCalculatorTest" time="0.003"/>
  <testcase name="testMultipleNumbers" classname="is.ru.stringcalculator.StringCalculatorTest" time="0.001"/>
  <testcase name="testEmptyString" classname="is.ru.stringcalculator.StringCalculatorTest" time="0.0"/>
  <testcase name="testNewLineAndComma" classname="is.ru.stringcalculator.StringCalculatorTest" time="0.001"/>
  <testcase name="testTwoNumbers" classname="is.ru.stringcalculator.StringCalculatorTest" time="0.0"/>
  <testcase name="testOneNumber" classname="is.ru.stringcalculator.StringCalculatorTest" time="0.0"/>
  <system-out><![CDATA[]]></system-out>
  <system-err><![CDATA[]]></system-err>
</testsuite>
